This is pdfTeX, Version 3.141592653-2.6-1.40.25 (MiKTeX 23.10.12) (preloaded format=pdflatex 2023.10.24)  26 OCT 2023 21:37
entering extended mode
 restricted \write18 enabled.
 file:line:error style messages enabled.
 %&-line parsing enabled.
**"c:/Users/famil/OneDrive/Documents/VS Code/LaTeX/fCC tutorials/fCC_tutorial_4.tex"
(c:/Users/famil/OneDrive/Documents/VS Code/LaTeX/fCC tutorials/fCC_tutorial_4.tex
LaTeX2e <2023-06-01> patch level 1
L3 programming layer <2023-10-10>
(C:\Users\famil\AppData\Local\Programs\MiKTeX\tex/latex/base\article.cls
Document Class: article 2023/05/17 v1.4n Standard LaTeX document class
(C:\Users\famil\AppData\Local\Programs\MiKTeX\tex/latex/base\size11.clo
File: size11.clo 2023/05/17 v1.4n Standard LaTeX file (size option)
)
\c@part=\count185
\c@section=\count186
\c@subsection=\count187
\c@subsubsection=\count188
\c@paragraph=\count189
\c@subparagraph=\count190
\c@figure=\count191
\c@table=\count192
\abovecaptionskip=\skip48
\belowcaptionskip=\skip49
\bibindent=\dimen140
) (C:\Users\famil\AppData\Local\Programs\MiKTeX\tex/latex/l3backend\l3backend-pdftex.def
File: l3backend-pdftex.def 2023-10-10 L3 backend support: PDF output (pdfTeX)
\l__color_backend_stack_int=\count193
\l__pdf_internal_box=\box51
) (fCC_tutorial_4.aux)
\openout1 = `fCC_tutorial_4.aux'.

LaTeX Font Info:    Checking defaults for OML/cmm/m/it on input line 2.
LaTeX Font Info:    ... okay on input line 2.
LaTeX Font Info:    Checking defaults for OMS/cmsy/m/n on input line 2.
LaTeX Font Info:    ... okay on input line 2.
LaTeX Font Info:    Checking defaults for OT1/cmr/m/n on input line 2.
LaTeX Font Info:    ... okay on input line 2.
LaTeX Font Info:    Checking defaults for T1/cmr/m/n on input line 2.
LaTeX Font Info:    ... okay on input line 2.
LaTeX Font Info:    Checking defaults for TS1/cmr/m/n on input line 2.
LaTeX Font Info:    ... okay on input line 2.
LaTeX Font Info:    Checking defaults for OMX/cmex/m/n on input line 2.
LaTeX Font Info:    ... okay on input line 2.
LaTeX Font Info:    Checking defaults for U/cmr/m/n on input line 2.
LaTeX Font Info:    ... okay on input line 2.


c:/Users/famil/OneDrive/Documents/VS Code/LaTeX/fCC tutorials/fCC_tutorial_4.tex:31: LaTeX Error: Something's wrong--perhaps a missing \item.

See the LaTeX manual or LaTeX Companion for explanation.
Type  H <return>  for immediate help.
 ...                                              
                                                  
l.31     \item p
                encil
Try typing  <return>  to proceed.
If that doesn't work, type  X <return>  to quit.


c:/Users/famil/OneDrive/Documents/VS Code/LaTeX/fCC tutorials/fCC_tutorial_4.tex:31: LaTeX Error: Something's wrong--perhaps a missing \item.

See the LaTeX manual or LaTeX Companion for explanation.
Type  H <return>  for immediate help.
 ...                                              
                                                  
l.31     \item p
                encil
Try typing  <return>  to proceed.
If that doesn't work, type  X <return>  to quit.


c:/Users/famil/OneDrive/Documents/VS Code/LaTeX/fCC tutorials/fCC_tutorial_4.tex:31: LaTeX Error: Something's wrong--perhaps a missing \item.

See the LaTeX manual or LaTeX Companion for explanation.
Type  H <return>  for immediate help.
 ...                                              
                                                  
l.31     \item p
                encil
Try typing  <return>  to proceed.
If that doesn't work, type  X <return>  to quit.


c:/Users/famil/OneDrive/Documents/VS Code/LaTeX/fCC tutorials/fCC_tutorial_4.tex:32: LaTeX Error: Something's wrong--perhaps a missing \item.

See the LaTeX manual or LaTeX Companion for explanation.
Type  H <return>  for immediate help.
 ...                                              
                                                  
l.32     \item c
                alculator
Try typing  <return>  to proceed.
If that doesn't work, type  X <return>  to quit.


c:/Users/famil/OneDrive/Documents/VS Code/LaTeX/fCC tutorials/fCC_tutorial_4.tex:32: LaTeX Error: Something's wrong--perhaps a missing \item.

See the LaTeX manual or LaTeX Companion for explanation.
Type  H <return>  for immediate help.
 ...                                              
                                                  
l.32     \item c
                alculator
Try typing  <return>  to proceed.
If that doesn't work, type  X <return>  to quit.


c:/Users/famil/OneDrive/Documents/VS Code/LaTeX/fCC tutorials/fCC_tutorial_4.tex:32: LaTeX Error: Something's wrong--perhaps a missing \item.

See the LaTeX manual or LaTeX Companion for explanation.
Type  H <return>  for immediate help.
 ...                                              
                                                  
l.32     \item c
                alculator
Try typing  <return>  to proceed.
If that doesn't work, type  X <return>  to quit.


c:/Users/famil/OneDrive/Documents/VS Code/LaTeX/fCC tutorials/fCC_tutorial_4.tex:33: LaTeX Error: Something's wrong--perhaps a missing \item.

See the LaTeX manual or LaTeX Companion for explanation.
Type  H <return>  for immediate help.
 ...                                              
                                                  
l.33     \item r
                uler
Try typing  <return>  to proceed.
If that doesn't work, type  X <return>  to quit.


c:/Users/famil/OneDrive/Documents/VS Code/LaTeX/fCC tutorials/fCC_tutorial_4.tex:33: LaTeX Error: Something's wrong--perhaps a missing \item.

See the LaTeX manual or LaTeX Companion for explanation.
Type  H <return>  for immediate help.
 ...                                              
                                                  
l.33     \item r
                uler
Try typing  <return>  to proceed.
If that doesn't work, type  X <return>  to quit.


c:/Users/famil/OneDrive/Documents/VS Code/LaTeX/fCC tutorials/fCC_tutorial_4.tex:33: LaTeX Error: Something's wrong--perhaps a missing \item.

See the LaTeX manual or LaTeX Companion for explanation.
Type  H <return>  for immediate help.
 ...                                              
                                                  
l.33     \item r
                uler
Try typing  <return>  to proceed.
If that doesn't work, type  X <return>  to quit.


c:/Users/famil/OneDrive/Documents/VS Code/LaTeX/fCC tutorials/fCC_tutorial_4.tex:34: LaTeX Error: Something's wrong--perhaps a missing \item.

See the LaTeX manual or LaTeX Companion for explanation.
Type  H <return>  for immediate help.
 ...                                              
                                                  
l.34     \item n
                otebook
Try typing  <return>  to proceed.
If that doesn't work, type  X <return>  to quit.


c:/Users/famil/OneDrive/Documents/VS Code/LaTeX/fCC tutorials/fCC_tutorial_4.tex:34: LaTeX Error: Something's wrong--perhaps a missing \item.

See the LaTeX manual or LaTeX Companion for explanation.
Type  H <return>  for immediate help.
 ...                                              
                                                  
l.34     \item n
                otebook
Try typing  <return>  to proceed.
If that doesn't work, type  X <return>  to quit.


c:/Users/famil/OneDrive/Documents/VS Code/LaTeX/fCC tutorials/fCC_tutorial_4.tex:34: LaTeX Error: Something's wrong--perhaps a missing \item.

See the LaTeX manual or LaTeX Companion for explanation.
Type  H <return>  for immediate help.
 ...                                              
                                                  
l.34     \item n
                otebook
Try typing  <return>  to proceed.
If that doesn't work, type  X <return>  to quit.


c:/Users/famil/OneDrive/Documents/VS Code/LaTeX/fCC tutorials/fCC_tutorial_4.tex:35: LaTeX Error: Something's wrong--perhaps a missing \item.

See the LaTeX manual or LaTeX Companion for explanation.
Type  H <return>  for immediate help.
 ...                                              
                                                  
l.35 \end{enumerate}
                    
Try typing  <return>  to proceed.
If that doesn't work, type  X <return>  to quit.

[1

{C:/Users/famil/AppData/Local/MiKTeX/fonts/map/pdftex/pdftex.map}] (fCC_tutorial_4.aux)
 ***********
LaTeX2e <2023-06-01> patch level 1
L3 programming layer <2023-10-10>
 ***********
 ) 
Here is how much of TeX's memory you used:
 433 strings out of 474824
 8866 string characters out of 5750976
 1924043 words of memory out of 5000000
 22461 multiletter control sequences out of 15000+600000
 558369 words of font info for 37 fonts, out of 8000000 for 9000
 1141 hyphenation exceptions out of 8191
 35i,5n,50p,211b,231s stack positions out of 10000i,1000n,20000p,200000b,200000s
<C:/Users/famil/AppData/Local/Programs/MiKTeX/fonts/type1/public/amsfonts/cm/cmr10.pfb>
Output written on fCC_tutorial_4.pdf (1 page, 18793 bytes).
PDF statistics:
 11 PDF objects out of 1000 (max. 8388607)
 0 named destinations out of 1000 (max. 500000)
 1 words of extra memory for PDF output out of 10000 (max. 10000000)

